TN:
SF:src/fractalpy/__init__.py
DA:1,1,WIo9mAdt1Jc9snuY26KDqQ
DA:3,1,GY/cXwuHOGqJcx8sUymOUQ
DA:5,1,pKoiV69DhCItdvEhaF71rA
DA:7,1,aiu2ltso5Gv9qbPVamB3vw
LF:3
LH:4
end_of_record
TN:
SF:src/fractalpy/__main__.py
DA:4,0,G9xgspa0fMSezZz1H7H4YA
DA:7,0,6oO5FrP1Luwyrm1U1ZtEUw
LF:2
LH:0
end_of_record
TN:
SF:src/fractalpy/cli/__init__.py
DA:1,1,1B2M2Y8AsgTpgAmY7PhCfg
LF:0
LH:1
end_of_record
TN:
SF:src/fractalpy/cli/cli_main.py
DA:1,1,587pPyNFSJG01nEhcgYElg
DA:3,1,NliK4oZCahxvQQx1DqKQCw
DA:5,1,oS7vqRSo5JPgaa2AGBxuMQ
DA:6,1,MjZq5fQjLmBMkE+bKprhnQ
DA:9,1,EHe8pYLROSQWWwWKhDpscA
DA:10,1,uCBkcWJv9SN/tKnIUnQ78A
DA:11,1,KaGja5LBMP7rtJf4VKclbA
DA:12,1,55O0SHIj4ysw8x/5suVf9g
DA:13,1,PdeqDqr4bOft68ON3+/7kg
DA:17,1,JvrboOjb5Rjsh8k+j5OVCg
DA:18,1,pFFevlBipdNrcwr2rd/6rA
DA:22,1,CKoMXMB8Xv5ZC6iTILRdvA
DA:23,1,oHS5mYsdf6h9ZXjk1g6KYA
LF:12
LH:13
end_of_record
TN:
SF:src/fractalpy/cli/commands/__init__.py
DA:1,1,1B2M2Y8AsgTpgAmY7PhCfg
LF:0
LH:1
end_of_record
TN:
SF:src/fractalpy/cli/commands/cmd_fractal_base.py
DA:1,1,YUHXj84Dc4NbF8zAXmnlLg
DA:2,1,WO9Rz9FQw6FkAqIp0av0Qg
DA:4,1,NliK4oZCahxvQQx1DqKQCw
DA:5,1,zltw0poPeODnP/BGLkCmgQ
DA:6,1,zfNb5Datt2RRfj1TnFlnwA
DA:8,1,t1w/Axz5P/HH38GGraJUyA
DA:9,1,2P7xZjxlNiVH5JhzTfv6wQ
DA:11,1,01Mi6fvaAX4CESd8MbrNPg
DA:12,1,fthQvPAb4cLbYl/yIJs+Ng
DA:14,1,ojUEkJMpIckUHVkZCPm4jw
DA:15,1,Uxoiv17ybmMr7vWY6Ilz2Q
DA:17,1,7tHcAIKoattb+dt1uADWyA
DA:18,1,7NX8LqtIF2DUWkO7wuPdpQ
DA:21,1,Jgqe1w052YVOy2sOG68QHA
DA:22,1,J0QUHnH1DQe/aYfiN6ahdw
DA:23,1,zjn5t8AzvSRfyAR1Wosj0Q
DA:29,1,AFV2HRmgAIHBWSPZIY7CKA
DA:35,1,q+PF6hQE19IY0ibGizuXyQ
DA:41,1,Atw8xceRFNT19D0WrmO3gg
DA:47,1,iMS3cATR+XkGmMjLo56oVQ
DA:53,1,23ynwRpWXjzIeGd9AoA5Hg
DA:59,1,WovF6+ssZC6TZDZih1qh9g
DA:60,1,3DlFI9szqEfxPl7GsnG1CQ
DA:61,1,uLR4Zy6Vf10KYq89VxqnSg
DA:65,1,uWuKBvcmeTD2XrH3mehGag
DA:66,1,KaGja5LBMP7rtJf4VKclbA
DA:67,1,eQN/Eg6lD1t300kwmo2u+g
DA:73,1,8o8dMq0zcFpfxjlJ2cVnYg
DA:79,1,IiKwG3u2qdGxEGcjHHJI7A
DA:85,1,SPy7BXefmTCSyUqhOncX6w
DA:87,1,ZslCVCOTnek9KqyIdlhS3w
DA:90,1,lvhc7ESbZ2BprNuweEYRRQ
DA:91,1,KaGja5LBMP7rtJf4VKclbA
DA:92,1,3AYRz+jkelGgNSxCpa3kvA
DA:97,1,aX34g0Tq4oNg1dMAs50w8w
DA:102,1,dw4AC5aFIZy2njF/SQ0TsQ
DA:104,1,SBb1fD/EN3zTCk2tCLPYWw
DA:107,1,SOwpRyO6EAhdRxC5g+IV2g
DA:108,1,KaGja5LBMP7rtJf4VKclbA
DA:109,1,3GJC1TEUefK3nI1tZscDzg
DA:116,1,FCo9nKeX9p3JmJFLGK6itQ
DA:123,1,3AYRz+jkelGgNSxCpa3kvA
DA:129,1,aX34g0Tq4oNg1dMAs50w8w
DA:135,1,ntrBnd8tQONdjVCNNtveIg
DA:141,1,iJzuqzKLbqyqIpzLaq1mug
DA:147,1,89ShnRhC02KgKMsm0VLUWQ
DA:153,1,FXZaBZA9ksYsn5ZsEZvaNw
DA:159,1,dcbwCtrWKA/1nIOPa0qMjA
DA:165,1,Z6DzZbUF6Q2Y0XYeZBGtIw
DA:171,1,GnvWzZOGALSsr//eP+NQHA
DA:184,1,PauAAVzdg1uGGr5wVyR+uw
DA:185,1,ee60D6n/Dc7fn90Bw8koCw
DA:186,1,a6GP6/9HuTk34ad+7OJnOQ
DA:187,1,ldd1q4FP9PrgL2J4KHh2iA
DA:190,1,yC6A/WCkIDa7J1uxY0nGyw
DA:193,1,ltb5a5msPSKGE7p/o2gtqg
LF:56
LH:56
end_of_record
TN:
SF:src/fractalpy/cli/commands/cmd_julia.py
DA:1,1,WO9Rz9FQw6FkAqIp0av0Qg
DA:3,1,NliK4oZCahxvQQx1DqKQCw
DA:4,1,zltw0poPeODnP/BGLkCmgQ
DA:5,1,zfNb5Datt2RRfj1TnFlnwA
DA:7,1,Vx3gnEk4IMpqUquTnYqPDQ
DA:9,1,1UUvUsFMW/6RzhKLCUP6mQ
DA:10,1,OoV9j87H/R+u3v5DBnms0g
DA:13,1,EHe8pYLROSQWWwWKhDpscA
DA:14,1,KaGja5LBMP7rtJf4VKclbA
DA:15,1,dmH8gYVWrsO1jN7pAciD0A
DA:21,1,tS7mko/sjr1B2GYdn/rSjw
DA:28,1,EU13h5CALHHRgKyAJW5FrQ
DA:29,1,Lrd66o48l1dJGB/Fc9UK1g
DA:31,1,HJdkRmMzbOzcgmvvzF9PtQ
DA:42,1,K8mwqq/jeYUM2Ki6TcOL6g
DA:43,1,fH1+ZoebX4NCV6Fj0D41SQ
DA:44,1,MYhSCQnsHbQoTradqM57JA
DA:46,1,92DMp4J60FxvJdEatdUnNA
DA:47,1,PW70rKJ97ToOyoAYNXA1NQ
DA:50,1,sxrLvemywMpgh9K+q8bN4g
DA:51,1,KaGja5LBMP7rtJf4VKclbA
DA:52,1,3AYRz+jkelGgNSxCpa3kvA
DA:58,1,aX34g0Tq4oNg1dMAs50w8w
DA:70,1,iJzuqzKLbqyqIpzLaq1mug
DA:76,1,89ShnRhC02KgKMsm0VLUWQ
DA:82,1,FXZaBZA9ksYsn5ZsEZvaNw
DA:88,1,H7R5VllY56bhRACijZgjTA
DA:90,1,/IhY61nepVhBGDFkos4VOQ
LF:28
LH:28
end_of_record
TN:
SF:src/fractalpy/cli/commands/cmd_mandelbrot.py
DA:1,1,WO9Rz9FQw6FkAqIp0av0Qg
DA:3,1,NliK4oZCahxvQQx1DqKQCw
DA:4,1,zltw0poPeODnP/BGLkCmgQ
DA:5,1,zfNb5Datt2RRfj1TnFlnwA
DA:7,1,Vx3gnEk4IMpqUquTnYqPDQ
DA:9,1,HAnDxnCnsGw80Yc5bLFZmA
DA:10,1,Xsk8lbkPcGnmGzZmLIGUdw
DA:13,1,EHe8pYLROSQWWwWKhDpscA
DA:14,1,KaGja5LBMP7rtJf4VKclbA
DA:15,1,tS7mko/sjr1B2GYdn/rSjw
DA:22,1,EU13h5CALHHRgKyAJW5FrQ
DA:23,1,LAYMDxJGaBO/yDoo698/OQ
DA:25,1,MikZ6CNMwMVkNnk5m1xByw
DA:35,1,ZptbmAGMlCm9opN1ABo+3g
DA:36,1,h2foKHpP+7K1tC50aodUpQ
DA:37,1,GBS7Nin8x8dTNIgOrbWPUw
LF:16
LH:16
end_of_record
TN:
SF:src/fractalpy/cli/helper.py
DA:1,1,o7XN3CMj67n397EmDP0M3w
DA:4,1,1y0faIL5IvTzkOQXD/Y2ZA
DA:5,1,eWUEx5lr9a6r03AoP+TGPA
DA:6,1,dDpI1xnYM7U9EkV5ygfLLg
LF:4
LH:4
end_of_record
TN:
SF:src/fractalpy/fractals/__init__.py
DA:1,1,1B2M2Y8AsgTpgAmY7PhCfg
LF:0
LH:1
end_of_record
TN:
SF:src/fractalpy/fractals/fractal_base.py
DA:1,1,kvGAkJohY4w0dpakFiZasA
DA:3,1,7Z9Lj4ed27Wf2hBX6jooEA
DA:4,1,0tRnYWT7fnP6+iJzpYJFFA
DA:5,1,AwJnTOf5I1r892SRTDsj5w
DA:6,1,6vWAvNsegNqafFN4IKLrhg
DA:7,1,l3nhicvq6q+R3WkfKdsNMw
DA:9,1,1LLl5K2DTcgCZdNbtGIctw
DA:10,1,H6Ih3lhVTepkL/uzTHkubA
DA:11,1,IWWjrCeOtk8NNtrE95++2g
DA:12,1,5wt0oAH0yCAi1SvVPg0w0A
DA:13,1,DFUsb7HTKENXSjGe1z+VHA
DA:15,1,3cyoS1tU9axm7aThYf2DPg
DA:18,1,AjAtD6/QJDeYErpyRIQK9A
DA:19,1,QESWmcGOeJWYlFzIPapvHQ
DA:21,1,hTE1rgDMrPr3J1EpZDoxSA
DA:41,1,lfnJvCypsaUv1dKwyRpAIw
DA:43,1,ZV1EmiW7dfhcV1L0agAAoQ
DA:44,1,3VtGS7XB4MJSaP3AdUiSaA
DA:46,1,F3pnp51NMFEx7PchH4dydA
DA:47,1,1BpHIosJf52okWmcJXXryg
DA:48,1,3Vum9hlMWA/LWBoksqesYA
DA:49,1,vN0K+ivojiELAjORhv4fMg
DA:50,1,TbxodmKlKm7JTBx8CYSqrQ
DA:52,1,HmADa1g/W1C2Vo9Wm4sNNA
DA:53,1,2PR0o5uFaiQbFv25uuGhAA
DA:55,1,N5IbvBVtB1QAmrAA70BN8Q
DA:56,1,5S6z1Jy55C01qs/Sjyxl9A
DA:57,1,w6i1GP84f3WGI0JkLqKk2w
DA:58,1,5rdnbmw6Gsxq6nepne49Qw
DA:60,1,HmADa1g/W1C2Vo9Wm4sNNA
DA:61,1,sNtbpP+bYzYqjw4DWzRr6g
DA:63,1,pE4EX2b1QnIiiBhBOUPijw
DA:64,1,wO0IfO8lL/3/cOJN50XcFQ
DA:65,1,89aC2LxNBQtCNSKB545edw
DA:67,1,HmADa1g/W1C2Vo9Wm4sNNA
DA:68,1,cfzP3nogAqo8m9G9NXbVaw
DA:69,1,w3gP0VyW91JXICWS7f8TZg
DA:71,1,PaWyMwjv7zWKZAgr0KxQkg
DA:72,1,XjYf6v8cRQ0EdP+vICSyGw
DA:74,1,nRsTvAu/GE9WjQVYzPuw/g
DA:75,1,Q7jb4LA6BOroAkmypWr8pw
DA:76,1,y5zOJOMj/B50hrzQOL5NDA
DA:78,1,HmADa1g/W1C2Vo9Wm4sNNA
DA:79,1,XoVUOkRyu3PGO4dLV1agZw
DA:80,1,jL9v35gpYUyMDSY29imaag
DA:83,1,XoVUOkRyu3PGO4dLV1agZw
DA:84,1,i3tQbEuJadvmd6KPuNGy/A
DA:98,1,gGtDCeUeo0N0zEKJE5xM2g
DA:99,1,OVyRaCpvC/LrxND1//mvRQ
DA:101,1,XceoOiZni7rq8ObC1iMn9w
DA:102,1,8PkS8k/OENmACiVzsIlvow
DA:103,1,xLQiKFxOJmTNj5ASm3tP+A
DA:109,1,MzSdCQVOTBiZbzM7CkPrRg
DA:110,1,dFZWL6/HIbB6N1/nBwk31Q
DA:113,1,0Ec8+9UQkI2gVYpArKGEhw
DA:114,1,l4TInOEgZ9N6NuDUarI6Mw
DA:115,1,x6WIiuYj3N8960Ce3uK8ig
DA:117,1,JvvJgAw8PYKeTgBnsNkThQ
DA:118,1,oa9/CRtwOSd3jRy23XvFng
DA:119,1,EDZyPkJ9bcnFVNVD6llIsA
DA:120,1,pVqKXiko1R00msFYHGxljw
DA:122,1,XoVUOkRyu3PGO4dLV1agZw
DA:123,1,ohoTbngkFJ1lFq9jnCL/Rg
DA:134,1,V4zNZ0BACITJdkLtm/wEzA
DA:135,1,5eGBmbyKHVNFXxZgbZRCDA
DA:136,1,cBlNhqrp7IGUQH6lka5vOQ
DA:143,1,CpqtxfHLFkrjGBNdLumehw
DA:145,1,KxgaGtJPkScc4OG7mJ59vg
DA:146,1,atuomMaxEtqAl+mGubhjlw
DA:147,1,xjcDBnSwra0OiNOAYAwoHA
DA:148,1,+e5Ku3O5XQG0JTMfAFRoLQ
DA:149,1,7qCD2WuHm8dzQZ324NZqsw
DA:151,1,B+ZJQ8zBxPMiDZhsnR0Fag
DA:153,1,XoVUOkRyu3PGO4dLV1agZw
DA:154,1,F8wm7Xg6j/cYv9sLKmULDg
DA:181,1,hY0wjmWNbW4HwS1Z5zLNFw
DA:184,1,6zrH7H3598YnEiR2uR0Z5A
DA:187,1,mh1UH9IuxFwByWeC/exZWw
DA:190,1,SskDWPAU2fEe4eZlBuhxyA
DA:193,1,x6HMPu6ZnxjHOD4eEwq5Gw
DA:197,1,tssXZ9qVke4n3X9+kRj5Rw
DA:198,1,p4TwCa9mwl9WUwM0oUAXdg
DA:199,1,3MaDYTi8d+6wxwODhMC5kw
DA:203,1,P2BVr0ZTX1TISLPDoTHqfg
DA:213,1,6sulppHmw8OBPhBgZEX9Tw
DA:216,1,Srvb+t7R6ExrpTcVN9SvJA
DA:217,1,anmSEgOWw7PBZC/1OpC3Gg
DA:220,1,EjMrtTbuWdpR6r7yLOGeLA
DA:221,1,5EgZK2bzLbdz0PWB1h5c0g
DA:222,1,PtnzRjbFl6N5o1t4weLc0g
DA:225,1,dQ72Z2OTmzI8jGUWKUI5YA
DA:226,1,nCVqDt0hYV84RMr/8hCi3w
DA:232,1,TzB+C/rTnGYxQlZYeTzaFA
DA:238,1,60PMLV/E5Hflb/mdOE9JLQ
DA:240,1,TRnzwUC8nqlfmbpK4cl/0w
DA:242,1,xNLn0j1yUREILt1zYp3KXA
DA:243,1,diZZBKe9a/RVc2nL4aUTlA
DA:245,1,rCf3+DhZ3ByjD108H6g4cw
DA:246,1,wNVrU5YPJRtX5OnC8s+zRw
DA:248,1,l9VG/XmjqjcBd27ukJBV+A
DA:250,1,LCc6+0EB2uk0H3gK/hDp0A
DA:252,1,jfRYeZBSGTHFhRIX4hQPqQ
DA:253,1,mv+drpad4iZ8F3wbvAILnA
DA:254,1,VBE5sR3L2UWMEnbHi/9rnQ
DA:256,1,WyB6z0oBJ4iXaCuGSZLkUg
DA:257,1,TtnYnsJzUgIXjxmrKzXiJA
DA:258,1,cBlNhqrp7IGUQH6lka5vOQ
DA:266,1,Nnqu9X+lU2lagW39QNhFWA
DA:267,1,xQPwGJN5YO4oi3n/I+0BAw
DA:269,1,TZOy+w55Ubmf4V9gGv19tQ
DA:271,1,efSw0LPVUQWtjNp1YJlDTw
DA:272,1,H87Aevg6EVF/Lv7RzQnq9A
DA:274,1,+1X+Y1IouT0c4OcE5gpxfg
DA:275,1,YQ0BAgqv2jGNl6EAi+gNxg
DA:276,1,7ymwmQf9CGeTfN4rMo7Dzg
DA:277,1,bV2opLzk9LE+56GnP/tZNw
DA:278,1,i5ifsSBYdUvyIOhrbYeu+w
DA:279,1,bV2opLzk9LE+56GnP/tZNw
DA:281,1,ebMdlAb7RAf9nKPdUHmLIQ
DA:283,1,Nnqu9X+lU2lagW39QNhFWA
DA:284,1,6axjJCb51AUB+FjL3wdMhw
DA:286,1,jzYaNE0uxgVlmiCYh9NVrg
DA:289,1,SlqdFeC0Sld1MSn0A61M0w
DA:291,1,BFAHCEXz+y9Sqm47jtCyaA
DA:292,1,T/KQPIOjOYSTxqO6RQdpDA
DA:293,1,AWRDAjKO+p/nR1cxIIRXYg
DA:295,1,53aJzLbb8ubibDNDYv+DSg
DA:310,1,+/GBaUSk+eEm5BKqLQIRBw
DA:311,1,zUBbFQOigJJwp53gJM5ETg
DA:313,1,PCsC3rL8lQUsJomMw2Bbag
LF:127
LH:130
end_of_record
TN:
SF:src/fractalpy/fractals/fractals.py
DA:1,1,vRh1ar4RJrzkWJOHxgTcnQ
DA:3,1,7Z9Lj4ed27Wf2hBX6jooEA
DA:5,1,BVIXtQs7oXghnC70usp6GQ
DA:6,1,IWWjrCeOtk8NNtrE95++2g
DA:7,1,DFUsb7HTKENXSjGe1z+VHA
DA:9,1,CJ0ROcC/ideBSLE5YOddOw
DA:12,1,TeFL3uH1BNtn1QBC1mlM7Q
DA:13,1,AYAmJOQD6RRw7OSeIPst6w
DA:15,1,MBFc1O+yMVvC7b+EqlzKgQ
DA:16,1,3YKzomtQtxsJZtxwmt8GDQ
DA:17,1,rtEjl3j25FdaX0+jPZzxig
DA:19,1,KxgaGtJPkScc4OG7mJ59vg
DA:20,1,QOXiznidj2c+UH8xSD7tQQ
DA:21,1,aQVrQK5oyJPaVH4JeG1dvw
DA:22,1,NaA1/DpSZmlXNP9T6OvL/A
DA:23,1,yGIeigK0d57MDLIvOspHOg
DA:24,1,i3c/dJ/+qH9l4PP6qN3HiQ
DA:25,1,boYW3q//SNMYe9TbiCHEkA
DA:26,1,y+YotmoCYJQWQqHvpljRqQ
DA:27,1,4/WGZcADT6qRUMG4uOSQHg
DA:28,1,pgttthJa8DgrFVUX4rkKQg
DA:29,1,xzBq/3hVSyUdq8QRjKGHBw
DA:30,1,tNn6aycL+X2L2ZTiI7jUOQ
DA:31,1,9C/UjmWX5SWO8a7UGWIjWQ
DA:32,1,oaMxUZ0mXWQhjLihPsuPYg
DA:33,1,NfaU2QkHsX4bcUTJNGF0QA
DA:35,1,HmADa1g/W1C2Vo9Wm4sNNA
DA:36,1,jL9v35gpYUyMDSY29imaag
DA:38,1,0RnjTV7FLi3G8FZDEEyFGg
DA:39,1,i86f82r4GqqR3X4yrjSHbw
DA:40,1,v4Gq4JOHqH204UvgyqUUwQ
DA:41,1,6YLQyMyhLpPDTnTi+LHMxg
DA:43,1,vhR55KQFHUS0Jm2yWPdfuQ
DA:44,1,b5IbOfhn7/5tJMmpvwe7mA
DA:46,1,2MFkZ6Ov+b46FF0gaTZzvQ
DA:47,1,EjMrtTbuWdpR6r7yLOGeLA
DA:48,1,MAaSysVPCmfqCDZov5r2bA
DA:49,1,YxxTwD5nO/VBKctqSHvrNw
DA:51,1,7Jwi2ohy45heaCjbOethZg
DA:52,1,Mj0vy73n+sKHFIxPYSCcTg
DA:55,1,14NMCHtESG5EWFPiOUTMkw
DA:56,1,1xiPaDsWPMrYaFUqL8ZKKw
DA:58,1,hTE1rgDMrPr3J1EpZDoxSA
DA:63,1,3YKzomtQtxsJZtxwmt8GDQ
DA:64,1,mqkuPZ40PsmT5hkhFQNq+w
DA:66,1,KxgaGtJPkScc4OG7mJ59vg
DA:67,1,QOXiznidj2c+UH8xSD7tQQ
DA:68,1,zY1fKUlCDH8tEa8EuMa1sg
DA:69,1,NaA1/DpSZmlXNP9T6OvL/A
DA:70,1,yGIeigK0d57MDLIvOspHOg
DA:71,1,i3c/dJ/+qH9l4PP6qN3HiQ
DA:72,1,boYW3q//SNMYe9TbiCHEkA
DA:73,1,QvEjf+EjrCqVuyZXwgnxjQ
DA:74,1,pgttthJa8DgrFVUX4rkKQg
DA:75,1,xzBq/3hVSyUdq8QRjKGHBw
DA:76,1,tNn6aycL+X2L2ZTiI7jUOQ
DA:77,1,9C/UjmWX5SWO8a7UGWIjWQ
DA:78,1,oaMxUZ0mXWQhjLihPsuPYg
DA:79,1,NfaU2QkHsX4bcUTJNGF0QA
DA:81,1,HmADa1g/W1C2Vo9Wm4sNNA
DA:82,1,jL9v35gpYUyMDSY29imaag
DA:83,1,QwjBc3MJxI37sws3JxLE/A
DA:84,1,i86f82r4GqqR3X4yrjSHbw
DA:85,1,v4Gq4JOHqH204UvgyqUUwQ
DA:86,1,6YLQyMyhLpPDTnTi+LHMxg
DA:88,1,vhR55KQFHUS0Jm2yWPdfuQ
DA:89,1,b5IbOfhn7/5tJMmpvwe7mA
DA:91,1,2MFkZ6Ov+b46FF0gaTZzvQ
DA:92,1,EjMrtTbuWdpR6r7yLOGeLA
DA:93,1,VVpzVCGkG2KXacL1ef1DSA
DA:94,1,mmduLerzk5qsWQ8KnReLUA
DA:95,1,6FEHVYtycwSoyjoXsF1jjg
DA:97,1,v4ufQqa17WMFCJYLv2yQiA
DA:98,1,Mj0vy73n+sKHFIxPYSCcTg
DA:100,1,009TY/RFGE+E+A0nSyJtog
DA:118,1,A+cyoMIwR4+0mLqSlJwprg
DA:119,1,I3iSZTe/YPJRDf3YOJAWkg
DA:120,1,3LiPxJWQlef8BNeRs3Zetw
DA:122,1,tssXZ9qVke4n3X9+kRj5Rw
DA:123,1,p4TwCa9mwl9WUwM0oUAXdg
DA:124,1,EO33C+xo2SPw1V8BZzMv6A
DA:128,1,5fxLgbf5R0Q1sJKMcxCB2Q
DA:129,1,Srvb+t7R6ExrpTcVN9SvJA
DA:130,1,D66i5EVhINLj1uWY5vKCZw
DA:132,1,EjMrtTbuWdpR6r7yLOGeLA
DA:133,1,NHOrBZGUc7aG8jSfjXjM/A
DA:134,1,PtnzRjbFl6N5o1t4weLc0g
DA:136,1,dQ72Z2OTmzI8jGUWKUI5YA
DA:137,1,nCVqDt0hYV84RMr/8hCi3w
DA:143,1,TzB+C/rTnGYxQlZYeTzaFA
DA:149,1,rX9QtTriizptRtdLPSoi+A
DA:150,1,mqkuPZ40PsmT5hkhFQNq+w
DA:151,1,VBE5sR3L2UWMEnbHi/9rnQ
LF:90
LH:93
end_of_record
